 [LOGGER] 2024-04-18 12:51:04.848 AM error : controllers/userController.js:setLogin - User 'uieui6gg47mezpc4' has exceeded the 'max_user_connections' resource (current value: 5)
 [LOGGER] 2024-04-18 12:51:34.201 AM error : uncaughtException: User 'uieui6gg47mezpc4' has exceeded the 'max_user_connections' resource (current value: 5)
SequelizeConnectionError: User 'uieui6gg47mezpc4' has exceeded the 'max_user_connections' resource (current value: 5)
    at ConnectionManager.connect (/Users/muh.firdaus/Documents/Daus/Skripsi/APP/API/Rest-API-Rinjani GitHub New/node_modules/sequelize/lib/dialects/mysql/connection-manager.js:102:17)
    at process.processTicksAndRejections (node:internal/process/task_queues:95:5)
    at async ConnectionManager._connect (/Users/muh.firdaus/Documents/Daus/Skripsi/APP/API/Rest-API-Rinjani GitHub New/node_modules/sequelize/lib/dialects/abstract/connection-manager.js:222:24)
    at async /Users/muh.firdaus/Documents/Daus/Skripsi/APP/API/Rest-API-Rinjani GitHub New/node_modules/sequelize/lib/dialects/abstract/connection-manager.js:174:32
 [LOGGER] 2024-04-18 12:51:34.203 AM error : uncaughtException: User 'uieui6gg47mezpc4' has exceeded the 'max_user_connections' resource (current value: 5)
SequelizeConnectionError: User 'uieui6gg47mezpc4' has exceeded the 'max_user_connections' resource (current value: 5)
    at ConnectionManager.connect (/Users/muh.firdaus/Documents/Daus/Skripsi/APP/API/Rest-API-Rinjani GitHub New/node_modules/sequelize/lib/dialects/mysql/connection-manager.js:102:17)
    at process.processTicksAndRejections (node:internal/process/task_queues:95:5)
    at async ConnectionManager._connect (/Users/muh.firdaus/Documents/Daus/Skripsi/APP/API/Rest-API-Rinjani GitHub New/node_modules/sequelize/lib/dialects/abstract/connection-manager.js:222:24)
    at async /Users/muh.firdaus/Documents/Daus/Skripsi/APP/API/Rest-API-Rinjani GitHub New/node_modules/sequelize/lib/dialects/abstract/connection-manager.js:174:32
 [LOGGER] 2024-04-18 12:51:34.204 AM error : uncaughtException: User 'uieui6gg47mezpc4' has exceeded the 'max_user_connections' resource (current value: 5)
SequelizeConnectionError: User 'uieui6gg47mezpc4' has exceeded the 'max_user_connections' resource (current value: 5)
    at ConnectionManager.connect (/Users/muh.firdaus/Documents/Daus/Skripsi/APP/API/Rest-API-Rinjani GitHub New/node_modules/sequelize/lib/dialects/mysql/connection-manager.js:102:17)
    at process.processTicksAndRejections (node:internal/process/task_queues:95:5)
    at async ConnectionManager._connect (/Users/muh.firdaus/Documents/Daus/Skripsi/APP/API/Rest-API-Rinjani GitHub New/node_modules/sequelize/lib/dialects/abstract/connection-manager.js:222:24)
    at async /Users/muh.firdaus/Documents/Daus/Skripsi/APP/API/Rest-API-Rinjani GitHub New/node_modules/sequelize/lib/dialects/abstract/connection-manager.js:174:32
 [LOGGER] 2024-04-18 12:51:34.204 AM error : uncaughtException: User 'uieui6gg47mezpc4' has exceeded the 'max_user_connections' resource (current value: 5)
SequelizeConnectionError: User 'uieui6gg47mezpc4' has exceeded the 'max_user_connections' resource (current value: 5)
    at ConnectionManager.connect (/Users/muh.firdaus/Documents/Daus/Skripsi/APP/API/Rest-API-Rinjani GitHub New/node_modules/sequelize/lib/dialects/mysql/connection-manager.js:102:17)
    at process.processTicksAndRejections (node:internal/process/task_queues:95:5)
    at async ConnectionManager._connect (/Users/muh.firdaus/Documents/Daus/Skripsi/APP/API/Rest-API-Rinjani GitHub New/node_modules/sequelize/lib/dialects/abstract/connection-manager.js:222:24)
    at async /Users/muh.firdaus/Documents/Daus/Skripsi/APP/API/Rest-API-Rinjani GitHub New/node_modules/sequelize/lib/dialects/abstract/connection-manager.js:174:32
 [LOGGER] 2024-04-18 12:51:34.205 AM error : uncaughtException: User 'uieui6gg47mezpc4' has exceeded the 'max_user_connections' resource (current value: 5)
SequelizeConnectionError: User 'uieui6gg47mezpc4' has exceeded the 'max_user_connections' resource (current value: 5)
    at ConnectionManager.connect (/Users/muh.firdaus/Documents/Daus/Skripsi/APP/API/Rest-API-Rinjani GitHub New/node_modules/sequelize/lib/dialects/mysql/connection-manager.js:102:17)
    at process.processTicksAndRejections (node:internal/process/task_queues:95:5)
    at async ConnectionManager._connect (/Users/muh.firdaus/Documents/Daus/Skripsi/APP/API/Rest-API-Rinjani GitHub New/node_modules/sequelize/lib/dialects/abstract/connection-manager.js:222:24)
    at async /Users/muh.firdaus/Documents/Daus/Skripsi/APP/API/Rest-API-Rinjani GitHub New/node_modules/sequelize/lib/dialects/abstract/connection-manager.js:174:32
 [LOGGER] 2024-04-18 12:51:34.205 AM error : uncaughtException: User 'uieui6gg47mezpc4' has exceeded the 'max_user_connections' resource (current value: 5)
SequelizeConnectionError: User 'uieui6gg47mezpc4' has exceeded the 'max_user_connections' resource (current value: 5)
    at ConnectionManager.connect (/Users/muh.firdaus/Documents/Daus/Skripsi/APP/API/Rest-API-Rinjani GitHub New/node_modules/sequelize/lib/dialects/mysql/connection-manager.js:102:17)
    at process.processTicksAndRejections (node:internal/process/task_queues:95:5)
    at async ConnectionManager._connect (/Users/muh.firdaus/Documents/Daus/Skripsi/APP/API/Rest-API-Rinjani GitHub New/node_modules/sequelize/lib/dialects/abstract/connection-manager.js:222:24)
    at async /Users/muh.firdaus/Documents/Daus/Skripsi/APP/API/Rest-API-Rinjani GitHub New/node_modules/sequelize/lib/dialects/abstract/connection-manager.js:174:32
 [LOGGER] 2024-04-18 12:51:34.205 AM error : uncaughtException: User 'uieui6gg47mezpc4' has exceeded the 'max_user_connections' resource (current value: 5)
SequelizeConnectionError: User 'uieui6gg47mezpc4' has exceeded the 'max_user_connections' resource (current value: 5)
    at ConnectionManager.connect (/Users/muh.firdaus/Documents/Daus/Skripsi/APP/API/Rest-API-Rinjani GitHub New/node_modules/sequelize/lib/dialects/mysql/connection-manager.js:102:17)
    at process.processTicksAndRejections (node:internal/process/task_queues:95:5)
    at async ConnectionManager._connect (/Users/muh.firdaus/Documents/Daus/Skripsi/APP/API/Rest-API-Rinjani GitHub New/node_modules/sequelize/lib/dialects/abstract/connection-manager.js:222:24)
    at async /Users/muh.firdaus/Documents/Daus/Skripsi/APP/API/Rest-API-Rinjani GitHub New/node_modules/sequelize/lib/dialects/abstract/connection-manager.js:174:32
 [LOGGER] 2024-04-18 12:51:34.206 AM error : uncaughtException: User 'uieui6gg47mezpc4' has exceeded the 'max_user_connections' resource (current value: 5)
SequelizeConnectionError: User 'uieui6gg47mezpc4' has exceeded the 'max_user_connections' resource (current value: 5)
    at ConnectionManager.connect (/Users/muh.firdaus/Documents/Daus/Skripsi/APP/API/Rest-API-Rinjani GitHub New/node_modules/sequelize/lib/dialects/mysql/connection-manager.js:102:17)
    at process.processTicksAndRejections (node:internal/process/task_queues:95:5)
    at async ConnectionManager._connect (/Users/muh.firdaus/Documents/Daus/Skripsi/APP/API/Rest-API-Rinjani GitHub New/node_modules/sequelize/lib/dialects/abstract/connection-manager.js:222:24)
    at async /Users/muh.firdaus/Documents/Daus/Skripsi/APP/API/Rest-API-Rinjani GitHub New/node_modules/sequelize/lib/dialects/abstract/connection-manager.js:174:32
 [LOGGER] 2024-04-18 12:51:34.207 AM error : uncaughtException: User 'uieui6gg47mezpc4' has exceeded the 'max_user_connections' resource (current value: 5)
SequelizeConnectionError: User 'uieui6gg47mezpc4' has exceeded the 'max_user_connections' resource (current value: 5)
    at ConnectionManager.connect (/Users/muh.firdaus/Documents/Daus/Skripsi/APP/API/Rest-API-Rinjani GitHub New/node_modules/sequelize/lib/dialects/mysql/connection-manager.js:102:17)
    at process.processTicksAndRejections (node:internal/process/task_queues:95:5)
    at async ConnectionManager._connect (/Users/muh.firdaus/Documents/Daus/Skripsi/APP/API/Rest-API-Rinjani GitHub New/node_modules/sequelize/lib/dialects/abstract/connection-manager.js:222:24)
    at async /Users/muh.firdaus/Documents/Daus/Skripsi/APP/API/Rest-API-Rinjani GitHub New/node_modules/sequelize/lib/dialects/abstract/connection-manager.js:174:32
 [LOGGER] 2024-04-18 12:51:34.208 AM error : uncaughtException: User 'uieui6gg47mezpc4' has exceeded the 'max_user_connections' resource (current value: 5)
SequelizeConnectionError: User 'uieui6gg47mezpc4' has exceeded the 'max_user_connections' resource (current value: 5)
    at ConnectionManager.connect (/Users/muh.firdaus/Documents/Daus/Skripsi/APP/API/Rest-API-Rinjani GitHub New/node_modules/sequelize/lib/dialects/mysql/connection-manager.js:102:17)
    at process.processTicksAndRejections (node:internal/process/task_queues:95:5)
    at async ConnectionManager._connect (/Users/muh.firdaus/Documents/Daus/Skripsi/APP/API/Rest-API-Rinjani GitHub New/node_modules/sequelize/lib/dialects/abstract/connection-manager.js:222:24)
    at async /Users/muh.firdaus/Documents/Daus/Skripsi/APP/API/Rest-API-Rinjani GitHub New/node_modules/sequelize/lib/dialects/abstract/connection-manager.js:174:32
 [LOGGER] 2024-04-18 12:51:34.208 AM error : uncaughtException: User 'uieui6gg47mezpc4' has exceeded the 'max_user_connections' resource (current value: 5)
SequelizeConnectionError: User 'uieui6gg47mezpc4' has exceeded the 'max_user_connections' resource (current value: 5)
    at ConnectionManager.connect (/Users/muh.firdaus/Documents/Daus/Skripsi/APP/API/Rest-API-Rinjani GitHub New/node_modules/sequelize/lib/dialects/mysql/connection-manager.js:102:17)
    at process.processTicksAndRejections (node:internal/process/task_queues:95:5)
    at async ConnectionManager._connect (/Users/muh.firdaus/Documents/Daus/Skripsi/APP/API/Rest-API-Rinjani GitHub New/node_modules/sequelize/lib/dialects/abstract/connection-manager.js:222:24)
    at async /Users/muh.firdaus/Documents/Daus/Skripsi/APP/API/Rest-API-Rinjani GitHub New/node_modules/sequelize/lib/dialects/abstract/connection-manager.js:174:32
 [LOGGER] 2024-04-18 12:51:34.208 AM error : uncaughtException: User 'uieui6gg47mezpc4' has exceeded the 'max_user_connections' resource (current value: 5)
SequelizeConnectionError: User 'uieui6gg47mezpc4' has exceeded the 'max_user_connections' resource (current value: 5)
    at ConnectionManager.connect (/Users/muh.firdaus/Documents/Daus/Skripsi/APP/API/Rest-API-Rinjani GitHub New/node_modules/sequelize/lib/dialects/mysql/connection-manager.js:102:17)
    at process.processTicksAndRejections (node:internal/process/task_queues:95:5)
    at async ConnectionManager._connect (/Users/muh.firdaus/Documents/Daus/Skripsi/APP/API/Rest-API-Rinjani GitHub New/node_modules/sequelize/lib/dialects/abstract/connection-manager.js:222:24)
    at async /Users/muh.firdaus/Documents/Daus/Skripsi/APP/API/Rest-API-Rinjani GitHub New/node_modules/sequelize/lib/dialects/abstract/connection-manager.js:174:32
 [LOGGER] 2024-04-18 12:51:34.209 AM error : uncaughtException: User 'uieui6gg47mezpc4' has exceeded the 'max_user_connections' resource (current value: 5)
SequelizeConnectionError: User 'uieui6gg47mezpc4' has exceeded the 'max_user_connections' resource (current value: 5)
    at ConnectionManager.connect (/Users/muh.firdaus/Documents/Daus/Skripsi/APP/API/Rest-API-Rinjani GitHub New/node_modules/sequelize/lib/dialects/mysql/connection-manager.js:102:17)
    at process.processTicksAndRejections (node:internal/process/task_queues:95:5)
    at async ConnectionManager._connect (/Users/muh.firdaus/Documents/Daus/Skripsi/APP/API/Rest-API-Rinjani GitHub New/node_modules/sequelize/lib/dialects/abstract/connection-manager.js:222:24)
    at async /Users/muh.firdaus/Documents/Daus/Skripsi/APP/API/Rest-API-Rinjani GitHub New/node_modules/sequelize/lib/dialects/abstract/connection-manager.js:174:32
 [LOGGER] 2024-04-18 12:51:34.209 AM error : uncaughtException: User 'uieui6gg47mezpc4' has exceeded the 'max_user_connections' resource (current value: 5)
SequelizeConnectionError: User 'uieui6gg47mezpc4' has exceeded the 'max_user_connections' resource (current value: 5)
    at ConnectionManager.connect (/Users/muh.firdaus/Documents/Daus/Skripsi/APP/API/Rest-API-Rinjani GitHub New/node_modules/sequelize/lib/dialects/mysql/connection-manager.js:102:17)
    at process.processTicksAndRejections (node:internal/process/task_queues:95:5)
    at async ConnectionManager._connect (/Users/muh.firdaus/Documents/Daus/Skripsi/APP/API/Rest-API-Rinjani GitHub New/node_modules/sequelize/lib/dialects/abstract/connection-manager.js:222:24)
    at async /Users/muh.firdaus/Documents/Daus/Skripsi/APP/API/Rest-API-Rinjani GitHub New/node_modules/sequelize/lib/dialects/abstract/connection-manager.js:174:32
 [LOGGER] 2024-04-18 12:51:34.210 AM error : uncaughtException: User 'uieui6gg47mezpc4' has exceeded the 'max_user_connections' resource (current value: 5)
SequelizeConnectionError: User 'uieui6gg47mezpc4' has exceeded the 'max_user_connections' resource (current value: 5)
    at ConnectionManager.connect (/Users/muh.firdaus/Documents/Daus/Skripsi/APP/API/Rest-API-Rinjani GitHub New/node_modules/sequelize/lib/dialects/mysql/connection-manager.js:102:17)
    at process.processTicksAndRejections (node:internal/process/task_queues:95:5)
    at async ConnectionManager._connect (/Users/muh.firdaus/Documents/Daus/Skripsi/APP/API/Rest-API-Rinjani GitHub New/node_modules/sequelize/lib/dialects/abstract/connection-manager.js:222:24)
    at async /Users/muh.firdaus/Documents/Daus/Skripsi/APP/API/Rest-API-Rinjani GitHub New/node_modules/sequelize/lib/dialects/abstract/connection-manager.js:174:32
 [LOGGER] 2024-04-18 12:51:34.210 AM error : uncaughtException: User 'uieui6gg47mezpc4' has exceeded the 'max_user_connections' resource (current value: 5)
SequelizeConnectionError: User 'uieui6gg47mezpc4' has exceeded the 'max_user_connections' resource (current value: 5)
    at ConnectionManager.connect (/Users/muh.firdaus/Documents/Daus/Skripsi/APP/API/Rest-API-Rinjani GitHub New/node_modules/sequelize/lib/dialects/mysql/connection-manager.js:102:17)
    at process.processTicksAndRejections (node:internal/process/task_queues:95:5)
    at async ConnectionManager._connect (/Users/muh.firdaus/Documents/Daus/Skripsi/APP/API/Rest-API-Rinjani GitHub New/node_modules/sequelize/lib/dialects/abstract/connection-manager.js:222:24)
    at async /Users/muh.firdaus/Documents/Daus/Skripsi/APP/API/Rest-API-Rinjani GitHub New/node_modules/sequelize/lib/dialects/abstract/connection-manager.js:174:32
 [LOGGER] 2024-04-18 12:51:34.210 AM error : uncaughtException: User 'uieui6gg47mezpc4' has exceeded the 'max_user_connections' resource (current value: 5)
SequelizeConnectionError: User 'uieui6gg47mezpc4' has exceeded the 'max_user_connections' resource (current value: 5)
    at ConnectionManager.connect (/Users/muh.firdaus/Documents/Daus/Skripsi/APP/API/Rest-API-Rinjani GitHub New/node_modules/sequelize/lib/dialects/mysql/connection-manager.js:102:17)
    at process.processTicksAndRejections (node:internal/process/task_queues:95:5)
    at async ConnectionManager._connect (/Users/muh.firdaus/Documents/Daus/Skripsi/APP/API/Rest-API-Rinjani GitHub New/node_modules/sequelize/lib/dialects/abstract/connection-manager.js:222:24)
    at async /Users/muh.firdaus/Documents/Daus/Skripsi/APP/API/Rest-API-Rinjani GitHub New/node_modules/sequelize/lib/dialects/abstract/connection-manager.js:174:32
 [LOGGER] 2024-04-18 12:51:34.210 AM error : uncaughtException: User 'uieui6gg47mezpc4' has exceeded the 'max_user_connections' resource (current value: 5)
SequelizeConnectionError: User 'uieui6gg47mezpc4' has exceeded the 'max_user_connections' resource (current value: 5)
    at ConnectionManager.connect (/Users/muh.firdaus/Documents/Daus/Skripsi/APP/API/Rest-API-Rinjani GitHub New/node_modules/sequelize/lib/dialects/mysql/connection-manager.js:102:17)
    at process.processTicksAndRejections (node:internal/process/task_queues:95:5)
    at async ConnectionManager._connect (/Users/muh.firdaus/Documents/Daus/Skripsi/APP/API/Rest-API-Rinjani GitHub New/node_modules/sequelize/lib/dialects/abstract/connection-manager.js:222:24)
    at async /Users/muh.firdaus/Documents/Daus/Skripsi/APP/API/Rest-API-Rinjani GitHub New/node_modules/sequelize/lib/dialects/abstract/connection-manager.js:174:32
 [LOGGER] 2024-04-18 12:51:50.001 AM error : uncaughtException: User 'uieui6gg47mezpc4' has exceeded the 'max_user_connections' resource (current value: 5)
SequelizeConnectionError: User 'uieui6gg47mezpc4' has exceeded the 'max_user_connections' resource (current value: 5)
    at ConnectionManager.connect (/Users/muh.firdaus/Documents/Daus/Skripsi/APP/API/Rest-API-Rinjani GitHub New/node_modules/sequelize/lib/dialects/mysql/connection-manager.js:102:17)
    at process.processTicksAndRejections (node:internal/process/task_queues:95:5)
    at async ConnectionManager._connect (/Users/muh.firdaus/Documents/Daus/Skripsi/APP/API/Rest-API-Rinjani GitHub New/node_modules/sequelize/lib/dialects/abstract/connection-manager.js:222:24)
    at async /Users/muh.firdaus/Documents/Daus/Skripsi/APP/API/Rest-API-Rinjani GitHub New/node_modules/sequelize/lib/dialects/abstract/connection-manager.js:174:32
 [LOGGER] 2024-04-18 12:51:50.004 AM error : uncaughtException: User 'uieui6gg47mezpc4' has exceeded the 'max_user_connections' resource (current value: 5)
SequelizeConnectionError: User 'uieui6gg47mezpc4' has exceeded the 'max_user_connections' resource (current value: 5)
    at ConnectionManager.connect (/Users/muh.firdaus/Documents/Daus/Skripsi/APP/API/Rest-API-Rinjani GitHub New/node_modules/sequelize/lib/dialects/mysql/connection-manager.js:102:17)
    at process.processTicksAndRejections (node:internal/process/task_queues:95:5)
    at async ConnectionManager._connect (/Users/muh.firdaus/Documents/Daus/Skripsi/APP/API/Rest-API-Rinjani GitHub New/node_modules/sequelize/lib/dialects/abstract/connection-manager.js:222:24)
    at async /Users/muh.firdaus/Documents/Daus/Skripsi/APP/API/Rest-API-Rinjani GitHub New/node_modules/sequelize/lib/dialects/abstract/connection-manager.js:174:32
 [LOGGER] 2024-04-18 12:51:50.005 AM error : uncaughtException: User 'uieui6gg47mezpc4' has exceeded the 'max_user_connections' resource (current value: 5)
SequelizeConnectionError: User 'uieui6gg47mezpc4' has exceeded the 'max_user_connections' resource (current value: 5)
    at ConnectionManager.connect (/Users/muh.firdaus/Documents/Daus/Skripsi/APP/API/Rest-API-Rinjani GitHub New/node_modules/sequelize/lib/dialects/mysql/connection-manager.js:102:17)
    at process.processTicksAndRejections (node:internal/process/task_queues:95:5)
    at async ConnectionManager._connect (/Users/muh.firdaus/Documents/Daus/Skripsi/APP/API/Rest-API-Rinjani GitHub New/node_modules/sequelize/lib/dialects/abstract/connection-manager.js:222:24)
    at async /Users/muh.firdaus/Documents/Daus/Skripsi/APP/API/Rest-API-Rinjani GitHub New/node_modules/sequelize/lib/dialects/abstract/connection-manager.js:174:32
 [LOGGER] 2024-04-18 12:51:50.006 AM error : uncaughtException: User 'uieui6gg47mezpc4' has exceeded the 'max_user_connections' resource (current value: 5)
SequelizeConnectionError: User 'uieui6gg47mezpc4' has exceeded the 'max_user_connections' resource (current value: 5)
    at ConnectionManager.connect (/Users/muh.firdaus/Documents/Daus/Skripsi/APP/API/Rest-API-Rinjani GitHub New/node_modules/sequelize/lib/dialects/mysql/connection-manager.js:102:17)
    at process.processTicksAndRejections (node:internal/process/task_queues:95:5)
    at async ConnectionManager._connect (/Users/muh.firdaus/Documents/Daus/Skripsi/APP/API/Rest-API-Rinjani GitHub New/node_modules/sequelize/lib/dialects/abstract/connection-manager.js:222:24)
    at async /Users/muh.firdaus/Documents/Daus/Skripsi/APP/API/Rest-API-Rinjani GitHub New/node_modules/sequelize/lib/dialects/abstract/connection-manager.js:174:32
 [LOGGER] 2024-04-18 12:51:50.007 AM error : uncaughtException: User 'uieui6gg47mezpc4' has exceeded the 'max_user_connections' resource (current value: 5)
SequelizeConnectionError: User 'uieui6gg47mezpc4' has exceeded the 'max_user_connections' resource (current value: 5)
    at ConnectionManager.connect (/Users/muh.firdaus/Documents/Daus/Skripsi/APP/API/Rest-API-Rinjani GitHub New/node_modules/sequelize/lib/dialects/mysql/connection-manager.js:102:17)
    at process.processTicksAndRejections (node:internal/process/task_queues:95:5)
    at async ConnectionManager._connect (/Users/muh.firdaus/Documents/Daus/Skripsi/APP/API/Rest-API-Rinjani GitHub New/node_modules/sequelize/lib/dialects/abstract/connection-manager.js:222:24)
    at async /Users/muh.firdaus/Documents/Daus/Skripsi/APP/API/Rest-API-Rinjani GitHub New/node_modules/sequelize/lib/dialects/abstract/connection-manager.js:174:32
 [LOGGER] 2024-04-18 12:51:50.008 AM error : uncaughtException: User 'uieui6gg47mezpc4' has exceeded the 'max_user_connections' resource (current value: 5)
SequelizeConnectionError: User 'uieui6gg47mezpc4' has exceeded the 'max_user_connections' resource (current value: 5)
    at ConnectionManager.connect (/Users/muh.firdaus/Documents/Daus/Skripsi/APP/API/Rest-API-Rinjani GitHub New/node_modules/sequelize/lib/dialects/mysql/connection-manager.js:102:17)
    at process.processTicksAndRejections (node:internal/process/task_queues:95:5)
    at async ConnectionManager._connect (/Users/muh.firdaus/Documents/Daus/Skripsi/APP/API/Rest-API-Rinjani GitHub New/node_modules/sequelize/lib/dialects/abstract/connection-manager.js:222:24)
    at async /Users/muh.firdaus/Documents/Daus/Skripsi/APP/API/Rest-API-Rinjani GitHub New/node_modules/sequelize/lib/dialects/abstract/connection-manager.js:174:32
 [LOGGER] 2024-04-18 12:51:50.008 AM error : uncaughtException: User 'uieui6gg47mezpc4' has exceeded the 'max_user_connections' resource (current value: 5)
SequelizeConnectionError: User 'uieui6gg47mezpc4' has exceeded the 'max_user_connections' resource (current value: 5)
    at ConnectionManager.connect (/Users/muh.firdaus/Documents/Daus/Skripsi/APP/API/Rest-API-Rinjani GitHub New/node_modules/sequelize/lib/dialects/mysql/connection-manager.js:102:17)
    at process.processTicksAndRejections (node:internal/process/task_queues:95:5)
    at async ConnectionManager._connect (/Users/muh.firdaus/Documents/Daus/Skripsi/APP/API/Rest-API-Rinjani GitHub New/node_modules/sequelize/lib/dialects/abstract/connection-manager.js:222:24)
    at async /Users/muh.firdaus/Documents/Daus/Skripsi/APP/API/Rest-API-Rinjani GitHub New/node_modules/sequelize/lib/dialects/abstract/connection-manager.js:174:32
 [LOGGER] 2024-04-18 12:51:50.009 AM error : uncaughtException: User 'uieui6gg47mezpc4' has exceeded the 'max_user_connections' resource (current value: 5)
SequelizeConnectionError: User 'uieui6gg47mezpc4' has exceeded the 'max_user_connections' resource (current value: 5)
    at ConnectionManager.connect (/Users/muh.firdaus/Documents/Daus/Skripsi/APP/API/Rest-API-Rinjani GitHub New/node_modules/sequelize/lib/dialects/mysql/connection-manager.js:102:17)
    at process.processTicksAndRejections (node:internal/process/task_queues:95:5)
    at async ConnectionManager._connect (/Users/muh.firdaus/Documents/Daus/Skripsi/APP/API/Rest-API-Rinjani GitHub New/node_modules/sequelize/lib/dialects/abstract/connection-manager.js:222:24)
    at async /Users/muh.firdaus/Documents/Daus/Skripsi/APP/API/Rest-API-Rinjani GitHub New/node_modules/sequelize/lib/dialects/abstract/connection-manager.js:174:32
 [LOGGER] 2024-04-18 12:51:50.011 AM error : uncaughtException: User 'uieui6gg47mezpc4' has exceeded the 'max_user_connections' resource (current value: 5)
SequelizeConnectionError: User 'uieui6gg47mezpc4' has exceeded the 'max_user_connections' resource (current value: 5)
    at ConnectionManager.connect (/Users/muh.firdaus/Documents/Daus/Skripsi/APP/API/Rest-API-Rinjani GitHub New/node_modules/sequelize/lib/dialects/mysql/connection-manager.js:102:17)
    at process.processTicksAndRejections (node:internal/process/task_queues:95:5)
    at async ConnectionManager._connect (/Users/muh.firdaus/Documents/Daus/Skripsi/APP/API/Rest-API-Rinjani GitHub New/node_modules/sequelize/lib/dialects/abstract/connection-manager.js:222:24)
    at async /Users/muh.firdaus/Documents/Daus/Skripsi/APP/API/Rest-API-Rinjani GitHub New/node_modules/sequelize/lib/dialects/abstract/connection-manager.js:174:32
 [LOGGER] 2024-04-18 12:51:50.012 AM error : uncaughtException: User 'uieui6gg47mezpc4' has exceeded the 'max_user_connections' resource (current value: 5)
SequelizeConnectionError: User 'uieui6gg47mezpc4' has exceeded the 'max_user_connections' resource (current value: 5)
    at ConnectionManager.connect (/Users/muh.firdaus/Documents/Daus/Skripsi/APP/API/Rest-API-Rinjani GitHub New/node_modules/sequelize/lib/dialects/mysql/connection-manager.js:102:17)
    at process.processTicksAndRejections (node:internal/process/task_queues:95:5)
    at async ConnectionManager._connect (/Users/muh.firdaus/Documents/Daus/Skripsi/APP/API/Rest-API-Rinjani GitHub New/node_modules/sequelize/lib/dialects/abstract/connection-manager.js:222:24)
    at async /Users/muh.firdaus/Documents/Daus/Skripsi/APP/API/Rest-API-Rinjani GitHub New/node_modules/sequelize/lib/dialects/abstract/connection-manager.js:174:32
 [LOGGER] 2024-04-18 12:51:50.012 AM error : uncaughtException: User 'uieui6gg47mezpc4' has exceeded the 'max_user_connections' resource (current value: 5)
SequelizeConnectionError: User 'uieui6gg47mezpc4' has exceeded the 'max_user_connections' resource (current value: 5)
    at ConnectionManager.connect (/Users/muh.firdaus/Documents/Daus/Skripsi/APP/API/Rest-API-Rinjani GitHub New/node_modules/sequelize/lib/dialects/mysql/connection-manager.js:102:17)
    at process.processTicksAndRejections (node:internal/process/task_queues:95:5)
    at async ConnectionManager._connect (/Users/muh.firdaus/Documents/Daus/Skripsi/APP/API/Rest-API-Rinjani GitHub New/node_modules/sequelize/lib/dialects/abstract/connection-manager.js:222:24)
    at async /Users/muh.firdaus/Documents/Daus/Skripsi/APP/API/Rest-API-Rinjani GitHub New/node_modules/sequelize/lib/dialects/abstract/connection-manager.js:174:32
 [LOGGER] 2024-04-18 12:51:50.013 AM error : uncaughtException: User 'uieui6gg47mezpc4' has exceeded the 'max_user_connections' resource (current value: 5)
SequelizeConnectionError: User 'uieui6gg47mezpc4' has exceeded the 'max_user_connections' resource (current value: 5)
    at ConnectionManager.connect (/Users/muh.firdaus/Documents/Daus/Skripsi/APP/API/Rest-API-Rinjani GitHub New/node_modules/sequelize/lib/dialects/mysql/connection-manager.js:102:17)
    at process.processTicksAndRejections (node:internal/process/task_queues:95:5)
    at async ConnectionManager._connect (/Users/muh.firdaus/Documents/Daus/Skripsi/APP/API/Rest-API-Rinjani GitHub New/node_modules/sequelize/lib/dialects/abstract/connection-manager.js:222:24)
    at async /Users/muh.firdaus/Documents/Daus/Skripsi/APP/API/Rest-API-Rinjani GitHub New/node_modules/sequelize/lib/dialects/abstract/connection-manager.js:174:32
 [LOGGER] 2024-04-18 12:51:50.013 AM error : uncaughtException: User 'uieui6gg47mezpc4' has exceeded the 'max_user_connections' resource (current value: 5)
SequelizeConnectionError: User 'uieui6gg47mezpc4' has exceeded the 'max_user_connections' resource (current value: 5)
    at ConnectionManager.connect (/Users/muh.firdaus/Documents/Daus/Skripsi/APP/API/Rest-API-Rinjani GitHub New/node_modules/sequelize/lib/dialects/mysql/connection-manager.js:102:17)
    at process.processTicksAndRejections (node:internal/process/task_queues:95:5)
    at async ConnectionManager._connect (/Users/muh.firdaus/Documents/Daus/Skripsi/APP/API/Rest-API-Rinjani GitHub New/node_modules/sequelize/lib/dialects/abstract/connection-manager.js:222:24)
    at async /Users/muh.firdaus/Documents/Daus/Skripsi/APP/API/Rest-API-Rinjani GitHub New/node_modules/sequelize/lib/dialects/abstract/connection-manager.js:174:32
 [LOGGER] 2024-04-18 12:51:50.014 AM error : uncaughtException: User 'uieui6gg47mezpc4' has exceeded the 'max_user_connections' resource (current value: 5)
SequelizeConnectionError: User 'uieui6gg47mezpc4' has exceeded the 'max_user_connections' resource (current value: 5)
    at ConnectionManager.connect (/Users/muh.firdaus/Documents/Daus/Skripsi/APP/API/Rest-API-Rinjani GitHub New/node_modules/sequelize/lib/dialects/mysql/connection-manager.js:102:17)
    at process.processTicksAndRejections (node:internal/process/task_queues:95:5)
    at async ConnectionManager._connect (/Users/muh.firdaus/Documents/Daus/Skripsi/APP/API/Rest-API-Rinjani GitHub New/node_modules/sequelize/lib/dialects/abstract/connection-manager.js:222:24)
    at async /Users/muh.firdaus/Documents/Daus/Skripsi/APP/API/Rest-API-Rinjani GitHub New/node_modules/sequelize/lib/dialects/abstract/connection-manager.js:174:32
 [LOGGER] 2024-04-18 12:51:50.014 AM error : uncaughtException: User 'uieui6gg47mezpc4' has exceeded the 'max_user_connections' resource (current value: 5)
SequelizeConnectionError: User 'uieui6gg47mezpc4' has exceeded the 'max_user_connections' resource (current value: 5)
    at ConnectionManager.connect (/Users/muh.firdaus/Documents/Daus/Skripsi/APP/API/Rest-API-Rinjani GitHub New/node_modules/sequelize/lib/dialects/mysql/connection-manager.js:102:17)
    at process.processTicksAndRejections (node:internal/process/task_queues:95:5)
    at async ConnectionManager._connect (/Users/muh.firdaus/Documents/Daus/Skripsi/APP/API/Rest-API-Rinjani GitHub New/node_modules/sequelize/lib/dialects/abstract/connection-manager.js:222:24)
    at async /Users/muh.firdaus/Documents/Daus/Skripsi/APP/API/Rest-API-Rinjani GitHub New/node_modules/sequelize/lib/dialects/abstract/connection-manager.js:174:32
 [LOGGER] 2024-04-18 12:51:50.015 AM error : uncaughtException: User 'uieui6gg47mezpc4' has exceeded the 'max_user_connections' resource (current value: 5)
SequelizeConnectionError: User 'uieui6gg47mezpc4' has exceeded the 'max_user_connections' resource (current value: 5)
    at ConnectionManager.connect (/Users/muh.firdaus/Documents/Daus/Skripsi/APP/API/Rest-API-Rinjani GitHub New/node_modules/sequelize/lib/dialects/mysql/connection-manager.js:102:17)
    at process.processTicksAndRejections (node:internal/process/task_queues:95:5)
    at async ConnectionManager._connect (/Users/muh.firdaus/Documents/Daus/Skripsi/APP/API/Rest-API-Rinjani GitHub New/node_modules/sequelize/lib/dialects/abstract/connection-manager.js:222:24)
    at async /Users/muh.firdaus/Documents/Daus/Skripsi/APP/API/Rest-API-Rinjani GitHub New/node_modules/sequelize/lib/dialects/abstract/connection-manager.js:174:32
 [LOGGER] 2024-04-18 12:51:50.015 AM error : uncaughtException: User 'uieui6gg47mezpc4' has exceeded the 'max_user_connections' resource (current value: 5)
SequelizeConnectionError: User 'uieui6gg47mezpc4' has exceeded the 'max_user_connections' resource (current value: 5)
    at ConnectionManager.connect (/Users/muh.firdaus/Documents/Daus/Skripsi/APP/API/Rest-API-Rinjani GitHub New/node_modules/sequelize/lib/dialects/mysql/connection-manager.js:102:17)
    at process.processTicksAndRejections (node:internal/process/task_queues:95:5)
    at async ConnectionManager._connect (/Users/muh.firdaus/Documents/Daus/Skripsi/APP/API/Rest-API-Rinjani GitHub New/node_modules/sequelize/lib/dialects/abstract/connection-manager.js:222:24)
    at async /Users/muh.firdaus/Documents/Daus/Skripsi/APP/API/Rest-API-Rinjani GitHub New/node_modules/sequelize/lib/dialects/abstract/connection-manager.js:174:32
 [LOGGER] 2024-04-18 12:51:50.015 AM error : uncaughtException: User 'uieui6gg47mezpc4' has exceeded the 'max_user_connections' resource (current value: 5)
SequelizeConnectionError: User 'uieui6gg47mezpc4' has exceeded the 'max_user_connections' resource (current value: 5)
    at ConnectionManager.connect (/Users/muh.firdaus/Documents/Daus/Skripsi/APP/API/Rest-API-Rinjani GitHub New/node_modules/sequelize/lib/dialects/mysql/connection-manager.js:102:17)
    at process.processTicksAndRejections (node:internal/process/task_queues:95:5)
    at async ConnectionManager._connect (/Users/muh.firdaus/Documents/Daus/Skripsi/APP/API/Rest-API-Rinjani GitHub New/node_modules/sequelize/lib/dialects/abstract/connection-manager.js:222:24)
    at async /Users/muh.firdaus/Documents/Daus/Skripsi/APP/API/Rest-API-Rinjani GitHub New/node_modules/sequelize/lib/dialects/abstract/connection-manager.js:174:32
 [LOGGER] 2024-04-18 12:52:23.095 AM error : uncaughtException: User 'uieui6gg47mezpc4' has exceeded the 'max_user_connections' resource (current value: 5)
SequelizeConnectionError: User 'uieui6gg47mezpc4' has exceeded the 'max_user_connections' resource (current value: 5)
    at ConnectionManager.connect (/Users/muh.firdaus/Documents/Daus/Skripsi/APP/API/Rest-API-Rinjani GitHub New/node_modules/sequelize/lib/dialects/mysql/connection-manager.js:102:17)
    at process.processTicksAndRejections (node:internal/process/task_queues:95:5)
    at async ConnectionManager._connect (/Users/muh.firdaus/Documents/Daus/Skripsi/APP/API/Rest-API-Rinjani GitHub New/node_modules/sequelize/lib/dialects/abstract/connection-manager.js:222:24)
    at async /Users/muh.firdaus/Documents/Daus/Skripsi/APP/API/Rest-API-Rinjani GitHub New/node_modules/sequelize/lib/dialects/abstract/connection-manager.js:174:32
 [LOGGER] 2024-04-18 12:52:23.099 AM error : uncaughtException: User 'uieui6gg47mezpc4' has exceeded the 'max_user_connections' resource (current value: 5)
SequelizeConnectionError: User 'uieui6gg47mezpc4' has exceeded the 'max_user_connections' resource (current value: 5)
    at ConnectionManager.connect (/Users/muh.firdaus/Documents/Daus/Skripsi/APP/API/Rest-API-Rinjani GitHub New/node_modules/sequelize/lib/dialects/mysql/connection-manager.js:102:17)
    at process.processTicksAndRejections (node:internal/process/task_queues:95:5)
    at async ConnectionManager._connect (/Users/muh.firdaus/Documents/Daus/Skripsi/APP/API/Rest-API-Rinjani GitHub New/node_modules/sequelize/lib/dialects/abstract/connection-manager.js:222:24)
    at async /Users/muh.firdaus/Documents/Daus/Skripsi/APP/API/Rest-API-Rinjani GitHub New/node_modules/sequelize/lib/dialects/abstract/connection-manager.js:174:32
 [LOGGER] 2024-04-18 12:52:23.100 AM error : uncaughtException: User 'uieui6gg47mezpc4' has exceeded the 'max_user_connections' resource (current value: 5)
SequelizeConnectionError: User 'uieui6gg47mezpc4' has exceeded the 'max_user_connections' resource (current value: 5)
    at ConnectionManager.connect (/Users/muh.firdaus/Documents/Daus/Skripsi/APP/API/Rest-API-Rinjani GitHub New/node_modules/sequelize/lib/dialects/mysql/connection-manager.js:102:17)
    at process.processTicksAndRejections (node:internal/process/task_queues:95:5)
    at async ConnectionManager._connect (/Users/muh.firdaus/Documents/Daus/Skripsi/APP/API/Rest-API-Rinjani GitHub New/node_modules/sequelize/lib/dialects/abstract/connection-manager.js:222:24)
    at async /Users/muh.firdaus/Documents/Daus/Skripsi/APP/API/Rest-API-Rinjani GitHub New/node_modules/sequelize/lib/dialects/abstract/connection-manager.js:174:32
 [LOGGER] 2024-04-18 12:52:23.101 AM error : uncaughtException: User 'uieui6gg47mezpc4' has exceeded the 'max_user_connections' resource (current value: 5)
SequelizeConnectionError: User 'uieui6gg47mezpc4' has exceeded the 'max_user_connections' resource (current value: 5)
    at ConnectionManager.connect (/Users/muh.firdaus/Documents/Daus/Skripsi/APP/API/Rest-API-Rinjani GitHub New/node_modules/sequelize/lib/dialects/mysql/connection-manager.js:102:17)
    at process.processTicksAndRejections (node:internal/process/task_queues:95:5)
    at async ConnectionManager._connect (/Users/muh.firdaus/Documents/Daus/Skripsi/APP/API/Rest-API-Rinjani GitHub New/node_modules/sequelize/lib/dialects/abstract/connection-manager.js:222:24)
    at async /Users/muh.firdaus/Documents/Daus/Skripsi/APP/API/Rest-API-Rinjani GitHub New/node_modules/sequelize/lib/dialects/abstract/connection-manager.js:174:32
 [LOGGER] 2024-04-18 12:52:23.101 AM error : uncaughtException: User 'uieui6gg47mezpc4' has exceeded the 'max_user_connections' resource (current value: 5)
SequelizeConnectionError: User 'uieui6gg47mezpc4' has exceeded the 'max_user_connections' resource (current value: 5)
    at ConnectionManager.connect (/Users/muh.firdaus/Documents/Daus/Skripsi/APP/API/Rest-API-Rinjani GitHub New/node_modules/sequelize/lib/dialects/mysql/connection-manager.js:102:17)
    at process.processTicksAndRejections (node:internal/process/task_queues:95:5)
    at async ConnectionManager._connect (/Users/muh.firdaus/Documents/Daus/Skripsi/APP/API/Rest-API-Rinjani GitHub New/node_modules/sequelize/lib/dialects/abstract/connection-manager.js:222:24)
    at async /Users/muh.firdaus/Documents/Daus/Skripsi/APP/API/Rest-API-Rinjani GitHub New/node_modules/sequelize/lib/dialects/abstract/connection-manager.js:174:32
 [LOGGER] 2024-04-18 12:52:23.102 AM error : uncaughtException: User 'uieui6gg47mezpc4' has exceeded the 'max_user_connections' resource (current value: 5)
SequelizeConnectionError: User 'uieui6gg47mezpc4' has exceeded the 'max_user_connections' resource (current value: 5)
    at ConnectionManager.connect (/Users/muh.firdaus/Documents/Daus/Skripsi/APP/API/Rest-API-Rinjani GitHub New/node_modules/sequelize/lib/dialects/mysql/connection-manager.js:102:17)
    at process.processTicksAndRejections (node:internal/process/task_queues:95:5)
    at async ConnectionManager._connect (/Users/muh.firdaus/Documents/Daus/Skripsi/APP/API/Rest-API-Rinjani GitHub New/node_modules/sequelize/lib/dialects/abstract/connection-manager.js:222:24)
    at async /Users/muh.firdaus/Documents/Daus/Skripsi/APP/API/Rest-API-Rinjani GitHub New/node_modules/sequelize/lib/dialects/abstract/connection-manager.js:174:32
 [LOGGER] 2024-04-18 12:52:23.102 AM error : uncaughtException: User 'uieui6gg47mezpc4' has exceeded the 'max_user_connections' resource (current value: 5)
SequelizeConnectionError: User 'uieui6gg47mezpc4' has exceeded the 'max_user_connections' resource (current value: 5)
    at ConnectionManager.connect (/Users/muh.firdaus/Documents/Daus/Skripsi/APP/API/Rest-API-Rinjani GitHub New/node_modules/sequelize/lib/dialects/mysql/connection-manager.js:102:17)
    at process.processTicksAndRejections (node:internal/process/task_queues:95:5)
    at async ConnectionManager._connect (/Users/muh.firdaus/Documents/Daus/Skripsi/APP/API/Rest-API-Rinjani GitHub New/node_modules/sequelize/lib/dialects/abstract/connection-manager.js:222:24)
    at async /Users/muh.firdaus/Documents/Daus/Skripsi/APP/API/Rest-API-Rinjani GitHub New/node_modules/sequelize/lib/dialects/abstract/connection-manager.js:174:32
 [LOGGER] 2024-04-18 12:52:23.103 AM error : uncaughtException: User 'uieui6gg47mezpc4' has exceeded the 'max_user_connections' resource (current value: 5)
SequelizeConnectionError: User 'uieui6gg47mezpc4' has exceeded the 'max_user_connections' resource (current value: 5)
    at ConnectionManager.connect (/Users/muh.firdaus/Documents/Daus/Skripsi/APP/API/Rest-API-Rinjani GitHub New/node_modules/sequelize/lib/dialects/mysql/connection-manager.js:102:17)
    at process.processTicksAndRejections (node:internal/process/task_queues:95:5)
    at async ConnectionManager._connect (/Users/muh.firdaus/Documents/Daus/Skripsi/APP/API/Rest-API-Rinjani GitHub New/node_modules/sequelize/lib/dialects/abstract/connection-manager.js:222:24)
    at async /Users/muh.firdaus/Documents/Daus/Skripsi/APP/API/Rest-API-Rinjani GitHub New/node_modules/sequelize/lib/dialects/abstract/connection-manager.js:174:32
 [LOGGER] 2024-04-18 12:52:23.105 AM error : uncaughtException: User 'uieui6gg47mezpc4' has exceeded the 'max_user_connections' resource (current value: 5)
SequelizeConnectionError: User 'uieui6gg47mezpc4' has exceeded the 'max_user_connections' resource (current value: 5)
    at ConnectionManager.connect (/Users/muh.firdaus/Documents/Daus/Skripsi/APP/API/Rest-API-Rinjani GitHub New/node_modules/sequelize/lib/dialects/mysql/connection-manager.js:102:17)
    at process.processTicksAndRejections (node:internal/process/task_queues:95:5)
    at async ConnectionManager._connect (/Users/muh.firdaus/Documents/Daus/Skripsi/APP/API/Rest-API-Rinjani GitHub New/node_modules/sequelize/lib/dialects/abstract/connection-manager.js:222:24)
    at async /Users/muh.firdaus/Documents/Daus/Skripsi/APP/API/Rest-API-Rinjani GitHub New/node_modules/sequelize/lib/dialects/abstract/connection-manager.js:174:32
 [LOGGER] 2024-04-18 12:52:23.106 AM error : uncaughtException: User 'uieui6gg47mezpc4' has exceeded the 'max_user_connections' resource (current value: 5)
SequelizeConnectionError: User 'uieui6gg47mezpc4' has exceeded the 'max_user_connections' resource (current value: 5)
    at ConnectionManager.connect (/Users/muh.firdaus/Documents/Daus/Skripsi/APP/API/Rest-API-Rinjani GitHub New/node_modules/sequelize/lib/dialects/mysql/connection-manager.js:102:17)
    at process.processTicksAndRejections (node:internal/process/task_queues:95:5)
    at async ConnectionManager._connect (/Users/muh.firdaus/Documents/Daus/Skripsi/APP/API/Rest-API-Rinjani GitHub New/node_modules/sequelize/lib/dialects/abstract/connection-manager.js:222:24)
    at async /Users/muh.firdaus/Documents/Daus/Skripsi/APP/API/Rest-API-Rinjani GitHub New/node_modules/sequelize/lib/dialects/abstract/connection-manager.js:174:32
 [LOGGER] 2024-04-18 12:52:23.106 AM error : uncaughtException: User 'uieui6gg47mezpc4' has exceeded the 'max_user_connections' resource (current value: 5)
SequelizeConnectionError: User 'uieui6gg47mezpc4' has exceeded the 'max_user_connections' resource (current value: 5)
    at ConnectionManager.connect (/Users/muh.firdaus/Documents/Daus/Skripsi/APP/API/Rest-API-Rinjani GitHub New/node_modules/sequelize/lib/dialects/mysql/connection-manager.js:102:17)
    at process.processTicksAndRejections (node:internal/process/task_queues:95:5)
    at async ConnectionManager._connect (/Users/muh.firdaus/Documents/Daus/Skripsi/APP/API/Rest-API-Rinjani GitHub New/node_modules/sequelize/lib/dialects/abstract/connection-manager.js:222:24)
    at async /Users/muh.firdaus/Documents/Daus/Skripsi/APP/API/Rest-API-Rinjani GitHub New/node_modules/sequelize/lib/dialects/abstract/connection-manager.js:174:32
 [LOGGER] 2024-04-18 12:52:23.107 AM error : uncaughtException: User 'uieui6gg47mezpc4' has exceeded the 'max_user_connections' resource (current value: 5)
SequelizeConnectionError: User 'uieui6gg47mezpc4' has exceeded the 'max_user_connections' resource (current value: 5)
    at ConnectionManager.connect (/Users/muh.firdaus/Documents/Daus/Skripsi/APP/API/Rest-API-Rinjani GitHub New/node_modules/sequelize/lib/dialects/mysql/connection-manager.js:102:17)
    at process.processTicksAndRejections (node:internal/process/task_queues:95:5)
    at async ConnectionManager._connect (/Users/muh.firdaus/Documents/Daus/Skripsi/APP/API/Rest-API-Rinjani GitHub New/node_modules/sequelize/lib/dialects/abstract/connection-manager.js:222:24)
    at async /Users/muh.firdaus/Documents/Daus/Skripsi/APP/API/Rest-API-Rinjani GitHub New/node_modules/sequelize/lib/dialects/abstract/connection-manager.js:174:32
 [LOGGER] 2024-04-18 12:52:23.107 AM error : uncaughtException: User 'uieui6gg47mezpc4' has exceeded the 'max_user_connections' resource (current value: 5)
SequelizeConnectionError: User 'uieui6gg47mezpc4' has exceeded the 'max_user_connections' resource (current value: 5)
    at ConnectionManager.connect (/Users/muh.firdaus/Documents/Daus/Skripsi/APP/API/Rest-API-Rinjani GitHub New/node_modules/sequelize/lib/dialects/mysql/connection-manager.js:102:17)
    at process.processTicksAndRejections (node:internal/process/task_queues:95:5)
    at async ConnectionManager._connect (/Users/muh.firdaus/Documents/Daus/Skripsi/APP/API/Rest-API-Rinjani GitHub New/node_modules/sequelize/lib/dialects/abstract/connection-manager.js:222:24)
    at async /Users/muh.firdaus/Documents/Daus/Skripsi/APP/API/Rest-API-Rinjani GitHub New/node_modules/sequelize/lib/dialects/abstract/connection-manager.js:174:32
 [LOGGER] 2024-04-18 12:52:23.108 AM error : uncaughtException: User 'uieui6gg47mezpc4' has exceeded the 'max_user_connections' resource (current value: 5)
SequelizeConnectionError: User 'uieui6gg47mezpc4' has exceeded the 'max_user_connections' resource (current value: 5)
    at ConnectionManager.connect (/Users/muh.firdaus/Documents/Daus/Skripsi/APP/API/Rest-API-Rinjani GitHub New/node_modules/sequelize/lib/dialects/mysql/connection-manager.js:102:17)
    at process.processTicksAndRejections (node:internal/process/task_queues:95:5)
    at async ConnectionManager._connect (/Users/muh.firdaus/Documents/Daus/Skripsi/APP/API/Rest-API-Rinjani GitHub New/node_modules/sequelize/lib/dialects/abstract/connection-manager.js:222:24)
    at async /Users/muh.firdaus/Documents/Daus/Skripsi/APP/API/Rest-API-Rinjani GitHub New/node_modules/sequelize/lib/dialects/abstract/connection-manager.js:174:32
 [LOGGER] 2024-04-18 12:52:23.108 AM error : uncaughtException: User 'uieui6gg47mezpc4' has exceeded the 'max_user_connections' resource (current value: 5)
SequelizeConnectionError: User 'uieui6gg47mezpc4' has exceeded the 'max_user_connections' resource (current value: 5)
    at ConnectionManager.connect (/Users/muh.firdaus/Documents/Daus/Skripsi/APP/API/Rest-API-Rinjani GitHub New/node_modules/sequelize/lib/dialects/mysql/connection-manager.js:102:17)
    at process.processTicksAndRejections (node:internal/process/task_queues:95:5)
    at async ConnectionManager._connect (/Users/muh.firdaus/Documents/Daus/Skripsi/APP/API/Rest-API-Rinjani GitHub New/node_modules/sequelize/lib/dialects/abstract/connection-manager.js:222:24)
    at async /Users/muh.firdaus/Documents/Daus/Skripsi/APP/API/Rest-API-Rinjani GitHub New/node_modules/sequelize/lib/dialects/abstract/connection-manager.js:174:32
 [LOGGER] 2024-04-18 12:52:23.109 AM error : uncaughtException: User 'uieui6gg47mezpc4' has exceeded the 'max_user_connections' resource (current value: 5)
SequelizeConnectionError: User 'uieui6gg47mezpc4' has exceeded the 'max_user_connections' resource (current value: 5)
    at ConnectionManager.connect (/Users/muh.firdaus/Documents/Daus/Skripsi/APP/API/Rest-API-Rinjani GitHub New/node_modules/sequelize/lib/dialects/mysql/connection-manager.js:102:17)
    at process.processTicksAndRejections (node:internal/process/task_queues:95:5)
    at async ConnectionManager._connect (/Users/muh.firdaus/Documents/Daus/Skripsi/APP/API/Rest-API-Rinjani GitHub New/node_modules/sequelize/lib/dialects/abstract/connection-manager.js:222:24)
    at async /Users/muh.firdaus/Documents/Daus/Skripsi/APP/API/Rest-API-Rinjani GitHub New/node_modules/sequelize/lib/dialects/abstract/connection-manager.js:174:32
 [LOGGER] 2024-04-18 12:52:23.109 AM error : uncaughtException: User 'uieui6gg47mezpc4' has exceeded the 'max_user_connections' resource (current value: 5)
SequelizeConnectionError: User 'uieui6gg47mezpc4' has exceeded the 'max_user_connections' resource (current value: 5)
    at ConnectionManager.connect (/Users/muh.firdaus/Documents/Daus/Skripsi/APP/API/Rest-API-Rinjani GitHub New/node_modules/sequelize/lib/dialects/mysql/connection-manager.js:102:17)
    at process.processTicksAndRejections (node:internal/process/task_queues:95:5)
    at async ConnectionManager._connect (/Users/muh.firdaus/Documents/Daus/Skripsi/APP/API/Rest-API-Rinjani GitHub New/node_modules/sequelize/lib/dialects/abstract/connection-manager.js:222:24)
    at async /Users/muh.firdaus/Documents/Daus/Skripsi/APP/API/Rest-API-Rinjani GitHub New/node_modules/sequelize/lib/dialects/abstract/connection-manager.js:174:32
 [LOGGER] 2024-04-18 12:52:23.109 AM error : uncaughtException: User 'uieui6gg47mezpc4' has exceeded the 'max_user_connections' resource (current value: 5)
SequelizeConnectionError: User 'uieui6gg47mezpc4' has exceeded the 'max_user_connections' resource (current value: 5)
    at ConnectionManager.connect (/Users/muh.firdaus/Documents/Daus/Skripsi/APP/API/Rest-API-Rinjani GitHub New/node_modules/sequelize/lib/dialects/mysql/connection-manager.js:102:17)
    at process.processTicksAndRejections (node:internal/process/task_queues:95:5)
    at async ConnectionManager._connect (/Users/muh.firdaus/Documents/Daus/Skripsi/APP/API/Rest-API-Rinjani GitHub New/node_modules/sequelize/lib/dialects/abstract/connection-manager.js:222:24)
    at async /Users/muh.firdaus/Documents/Daus/Skripsi/APP/API/Rest-API-Rinjani GitHub New/node_modules/sequelize/lib/dialects/abstract/connection-manager.js:174:32
 [LOGGER] 2024-04-18 12:52:48.386 AM error : uncaughtException: User 'uieui6gg47mezpc4' has exceeded the 'max_user_connections' resource (current value: 5)
SequelizeConnectionError: User 'uieui6gg47mezpc4' has exceeded the 'max_user_connections' resource (current value: 5)
    at ConnectionManager.connect (/Users/muh.firdaus/Documents/Daus/Skripsi/APP/API/Rest-API-Rinjani GitHub New/node_modules/sequelize/lib/dialects/mysql/connection-manager.js:102:17)
    at process.processTicksAndRejections (node:internal/process/task_queues:95:5)
    at async ConnectionManager._connect (/Users/muh.firdaus/Documents/Daus/Skripsi/APP/API/Rest-API-Rinjani GitHub New/node_modules/sequelize/lib/dialects/abstract/connection-manager.js:222:24)
    at async /Users/muh.firdaus/Documents/Daus/Skripsi/APP/API/Rest-API-Rinjani GitHub New/node_modules/sequelize/lib/dialects/abstract/connection-manager.js:174:32
 [LOGGER] 2024-04-18 12:52:48.389 AM error : uncaughtException: User 'uieui6gg47mezpc4' has exceeded the 'max_user_connections' resource (current value: 5)
SequelizeConnectionError: User 'uieui6gg47mezpc4' has exceeded the 'max_user_connections' resource (current value: 5)
    at ConnectionManager.connect (/Users/muh.firdaus/Documents/Daus/Skripsi/APP/API/Rest-API-Rinjani GitHub New/node_modules/sequelize/lib/dialects/mysql/connection-manager.js:102:17)
    at process.processTicksAndRejections (node:internal/process/task_queues:95:5)
    at async ConnectionManager._connect (/Users/muh.firdaus/Documents/Daus/Skripsi/APP/API/Rest-API-Rinjani GitHub New/node_modules/sequelize/lib/dialects/abstract/connection-manager.js:222:24)
    at async /Users/muh.firdaus/Documents/Daus/Skripsi/APP/API/Rest-API-Rinjani GitHub New/node_modules/sequelize/lib/dialects/abstract/connection-manager.js:174:32
 [LOGGER] 2024-04-18 12:52:48.389 AM error : uncaughtException: User 'uieui6gg47mezpc4' has exceeded the 'max_user_connections' resource (current value: 5)
SequelizeConnectionError: User 'uieui6gg47mezpc4' has exceeded the 'max_user_connections' resource (current value: 5)
    at ConnectionManager.connect (/Users/muh.firdaus/Documents/Daus/Skripsi/APP/API/Rest-API-Rinjani GitHub New/node_modules/sequelize/lib/dialects/mysql/connection-manager.js:102:17)
    at process.processTicksAndRejections (node:internal/process/task_queues:95:5)
    at async ConnectionManager._connect (/Users/muh.firdaus/Documents/Daus/Skripsi/APP/API/Rest-API-Rinjani GitHub New/node_modules/sequelize/lib/dialects/abstract/connection-manager.js:222:24)
    at async /Users/muh.firdaus/Documents/Daus/Skripsi/APP/API/Rest-API-Rinjani GitHub New/node_modules/sequelize/lib/dialects/abstract/connection-manager.js:174:32
 [LOGGER] 2024-04-18 12:52:48.390 AM error : uncaughtException: User 'uieui6gg47mezpc4' has exceeded the 'max_user_connections' resource (current value: 5)
SequelizeConnectionError: User 'uieui6gg47mezpc4' has exceeded the 'max_user_connections' resource (current value: 5)
    at ConnectionManager.connect (/Users/muh.firdaus/Documents/Daus/Skripsi/APP/API/Rest-API-Rinjani GitHub New/node_modules/sequelize/lib/dialects/mysql/connection-manager.js:102:17)
    at process.processTicksAndRejections (node:internal/process/task_queues:95:5)
    at async ConnectionManager._connect (/Users/muh.firdaus/Documents/Daus/Skripsi/APP/API/Rest-API-Rinjani GitHub New/node_modules/sequelize/lib/dialects/abstract/connection-manager.js:222:24)
    at async /Users/muh.firdaus/Documents/Daus/Skripsi/APP/API/Rest-API-Rinjani GitHub New/node_modules/sequelize/lib/dialects/abstract/connection-manager.js:174:32
 [LOGGER] 2024-04-18 12:52:48.390 AM error : uncaughtException: User 'uieui6gg47mezpc4' has exceeded the 'max_user_connections' resource (current value: 5)
SequelizeConnectionError: User 'uieui6gg47mezpc4' has exceeded the 'max_user_connections' resource (current value: 5)
    at ConnectionManager.connect (/Users/muh.firdaus/Documents/Daus/Skripsi/APP/API/Rest-API-Rinjani GitHub New/node_modules/sequelize/lib/dialects/mysql/connection-manager.js:102:17)
    at process.processTicksAndRejections (node:internal/process/task_queues:95:5)
    at async ConnectionManager._connect (/Users/muh.firdaus/Documents/Daus/Skripsi/APP/API/Rest-API-Rinjani GitHub New/node_modules/sequelize/lib/dialects/abstract/connection-manager.js:222:24)
    at async /Users/muh.firdaus/Documents/Daus/Skripsi/APP/API/Rest-API-Rinjani GitHub New/node_modules/sequelize/lib/dialects/abstract/connection-manager.js:174:32
 [LOGGER] 2024-04-18 12:52:48.391 AM error : uncaughtException: User 'uieui6gg47mezpc4' has exceeded the 'max_user_connections' resource (current value: 5)
SequelizeConnectionError: User 'uieui6gg47mezpc4' has exceeded the 'max_user_connections' resource (current value: 5)
    at ConnectionManager.connect (/Users/muh.firdaus/Documents/Daus/Skripsi/APP/API/Rest-API-Rinjani GitHub New/node_modules/sequelize/lib/dialects/mysql/connection-manager.js:102:17)
    at process.processTicksAndRejections (node:internal/process/task_queues:95:5)
    at async ConnectionManager._connect (/Users/muh.firdaus/Documents/Daus/Skripsi/APP/API/Rest-API-Rinjani GitHub New/node_modules/sequelize/lib/dialects/abstract/connection-manager.js:222:24)
    at async /Users/muh.firdaus/Documents/Daus/Skripsi/APP/API/Rest-API-Rinjani GitHub New/node_modules/sequelize/lib/dialects/abstract/connection-manager.js:174:32
 [LOGGER] 2024-04-18 12:52:48.392 AM error : uncaughtException: User 'uieui6gg47mezpc4' has exceeded the 'max_user_connections' resource (current value: 5)
SequelizeConnectionError: User 'uieui6gg47mezpc4' has exceeded the 'max_user_connections' resource (current value: 5)
    at ConnectionManager.connect (/Users/muh.firdaus/Documents/Daus/Skripsi/APP/API/Rest-API-Rinjani GitHub New/node_modules/sequelize/lib/dialects/mysql/connection-manager.js:102:17)
    at process.processTicksAndRejections (node:internal/process/task_queues:95:5)
    at async ConnectionManager._connect (/Users/muh.firdaus/Documents/Daus/Skripsi/APP/API/Rest-API-Rinjani GitHub New/node_modules/sequelize/lib/dialects/abstract/connection-manager.js:222:24)
    at async /Users/muh.firdaus/Documents/Daus/Skripsi/APP/API/Rest-API-Rinjani GitHub New/node_modules/sequelize/lib/dialects/abstract/connection-manager.js:174:32
 [LOGGER] 2024-04-18 12:52:48.392 AM error : uncaughtException: User 'uieui6gg47mezpc4' has exceeded the 'max_user_connections' resource (current value: 5)
SequelizeConnectionError: User 'uieui6gg47mezpc4' has exceeded the 'max_user_connections' resource (current value: 5)
    at ConnectionManager.connect (/Users/muh.firdaus/Documents/Daus/Skripsi/APP/API/Rest-API-Rinjani GitHub New/node_modules/sequelize/lib/dialects/mysql/connection-manager.js:102:17)
    at process.processTicksAndRejections (node:internal/process/task_queues:95:5)
    at async ConnectionManager._connect (/Users/muh.firdaus/Documents/Daus/Skripsi/APP/API/Rest-API-Rinjani GitHub New/node_modules/sequelize/lib/dialects/abstract/connection-manager.js:222:24)
    at async /Users/muh.firdaus/Documents/Daus/Skripsi/APP/API/Rest-API-Rinjani GitHub New/node_modules/sequelize/lib/dialects/abstract/connection-manager.js:174:32
 [LOGGER] 2024-04-18 12:52:48.395 AM error : uncaughtException: User 'uieui6gg47mezpc4' has exceeded the 'max_user_connections' resource (current value: 5)
SequelizeConnectionError: User 'uieui6gg47mezpc4' has exceeded the 'max_user_connections' resource (current value: 5)
    at ConnectionManager.connect (/Users/muh.firdaus/Documents/Daus/Skripsi/APP/API/Rest-API-Rinjani GitHub New/node_modules/sequelize/lib/dialects/mysql/connection-manager.js:102:17)
    at process.processTicksAndRejections (node:internal/process/task_queues:95:5)
    at async ConnectionManager._connect (/Users/muh.firdaus/Documents/Daus/Skripsi/APP/API/Rest-API-Rinjani GitHub New/node_modules/sequelize/lib/dialects/abstract/connection-manager.js:222:24)
    at async /Users/muh.firdaus/Documents/Daus/Skripsi/APP/API/Rest-API-Rinjani GitHub New/node_modules/sequelize/lib/dialects/abstract/connection-manager.js:174:32
 [LOGGER] 2024-04-18 12:52:48.395 AM error : uncaughtException: User 'uieui6gg47mezpc4' has exceeded the 'max_user_connections' resource (current value: 5)
SequelizeConnectionError: User 'uieui6gg47mezpc4' has exceeded the 'max_user_connections' resource (current value: 5)
    at ConnectionManager.connect (/Users/muh.firdaus/Documents/Daus/Skripsi/APP/API/Rest-API-Rinjani GitHub New/node_modules/sequelize/lib/dialects/mysql/connection-manager.js:102:17)
    at process.processTicksAndRejections (node:internal/process/task_queues:95:5)
    at async ConnectionManager._connect (/Users/muh.firdaus/Documents/Daus/Skripsi/APP/API/Rest-API-Rinjani GitHub New/node_modules/sequelize/lib/dialects/abstract/connection-manager.js:222:24)
    at async /Users/muh.firdaus/Documents/Daus/Skripsi/APP/API/Rest-API-Rinjani GitHub New/node_modules/sequelize/lib/dialects/abstract/connection-manager.js:174:32
 [LOGGER] 2024-04-18 12:52:48.396 AM error : uncaughtException: User 'uieui6gg47mezpc4' has exceeded the 'max_user_connections' resource (current value: 5)
SequelizeConnectionError: User 'uieui6gg47mezpc4' has exceeded the 'max_user_connections' resource (current value: 5)
    at ConnectionManager.connect (/Users/muh.firdaus/Documents/Daus/Skripsi/APP/API/Rest-API-Rinjani GitHub New/node_modules/sequelize/lib/dialects/mysql/connection-manager.js:102:17)
    at process.processTicksAndRejections (node:internal/process/task_queues:95:5)
    at async ConnectionManager._connect (/Users/muh.firdaus/Documents/Daus/Skripsi/APP/API/Rest-API-Rinjani GitHub New/node_modules/sequelize/lib/dialects/abstract/connection-manager.js:222:24)
    at async /Users/muh.firdaus/Documents/Daus/Skripsi/APP/API/Rest-API-Rinjani GitHub New/node_modules/sequelize/lib/dialects/abstract/connection-manager.js:174:32
 [LOGGER] 2024-04-18 12:52:48.396 AM error : uncaughtException: User 'uieui6gg47mezpc4' has exceeded the 'max_user_connections' resource (current value: 5)
SequelizeConnectionError: User 'uieui6gg47mezpc4' has exceeded the 'max_user_connections' resource (current value: 5)
    at ConnectionManager.connect (/Users/muh.firdaus/Documents/Daus/Skripsi/APP/API/Rest-API-Rinjani GitHub New/node_modules/sequelize/lib/dialects/mysql/connection-manager.js:102:17)
    at process.processTicksAndRejections (node:internal/process/task_queues:95:5)
    at async ConnectionManager._connect (/Users/muh.firdaus/Documents/Daus/Skripsi/APP/API/Rest-API-Rinjani GitHub New/node_modules/sequelize/lib/dialects/abstract/connection-manager.js:222:24)
    at async /Users/muh.firdaus/Documents/Daus/Skripsi/APP/API/Rest-API-Rinjani GitHub New/node_modules/sequelize/lib/dialects/abstract/connection-manager.js:174:32
 [LOGGER] 2024-04-18 12:52:48.397 AM error : uncaughtException: User 'uieui6gg47mezpc4' has exceeded the 'max_user_connections' resource (current value: 5)
SequelizeConnectionError: User 'uieui6gg47mezpc4' has exceeded the 'max_user_connections' resource (current value: 5)
    at ConnectionManager.connect (/Users/muh.firdaus/Documents/Daus/Skripsi/APP/API/Rest-API-Rinjani GitHub New/node_modules/sequelize/lib/dialects/mysql/connection-manager.js:102:17)
    at process.processTicksAndRejections (node:internal/process/task_queues:95:5)
    at async ConnectionManager._connect (/Users/muh.firdaus/Documents/Daus/Skripsi/APP/API/Rest-API-Rinjani GitHub New/node_modules/sequelize/lib/dialects/abstract/connection-manager.js:222:24)
    at async /Users/muh.firdaus/Documents/Daus/Skripsi/APP/API/Rest-API-Rinjani GitHub New/node_modules/sequelize/lib/dialects/abstract/connection-manager.js:174:32
 [LOGGER] 2024-04-18 12:52:48.397 AM error : uncaughtException: User 'uieui6gg47mezpc4' has exceeded the 'max_user_connections' resource (current value: 5)
SequelizeConnectionError: User 'uieui6gg47mezpc4' has exceeded the 'max_user_connections' resource (current value: 5)
    at ConnectionManager.connect (/Users/muh.firdaus/Documents/Daus/Skripsi/APP/API/Rest-API-Rinjani GitHub New/node_modules/sequelize/lib/dialects/mysql/connection-manager.js:102:17)
    at process.processTicksAndRejections (node:internal/process/task_queues:95:5)
    at async ConnectionManager._connect (/Users/muh.firdaus/Documents/Daus/Skripsi/APP/API/Rest-API-Rinjani GitHub New/node_modules/sequelize/lib/dialects/abstract/connection-manager.js:222:24)
    at async /Users/muh.firdaus/Documents/Daus/Skripsi/APP/API/Rest-API-Rinjani GitHub New/node_modules/sequelize/lib/dialects/abstract/connection-manager.js:174:32
 [LOGGER] 2024-04-18 12:52:48.397 AM error : uncaughtException: User 'uieui6gg47mezpc4' has exceeded the 'max_user_connections' resource (current value: 5)
SequelizeConnectionError: User 'uieui6gg47mezpc4' has exceeded the 'max_user_connections' resource (current value: 5)
    at ConnectionManager.connect (/Users/muh.firdaus/Documents/Daus/Skripsi/APP/API/Rest-API-Rinjani GitHub New/node_modules/sequelize/lib/dialects/mysql/connection-manager.js:102:17)
    at process.processTicksAndRejections (node:internal/process/task_queues:95:5)
    at async ConnectionManager._connect (/Users/muh.firdaus/Documents/Daus/Skripsi/APP/API/Rest-API-Rinjani GitHub New/node_modules/sequelize/lib/dialects/abstract/connection-manager.js:222:24)
    at async /Users/muh.firdaus/Documents/Daus/Skripsi/APP/API/Rest-API-Rinjani GitHub New/node_modules/sequelize/lib/dialects/abstract/connection-manager.js:174:32
 [LOGGER] 2024-04-18 12:52:48.398 AM error : uncaughtException: User 'uieui6gg47mezpc4' has exceeded the 'max_user_connections' resource (current value: 5)
SequelizeConnectionError: User 'uieui6gg47mezpc4' has exceeded the 'max_user_connections' resource (current value: 5)
    at ConnectionManager.connect (/Users/muh.firdaus/Documents/Daus/Skripsi/APP/API/Rest-API-Rinjani GitHub New/node_modules/sequelize/lib/dialects/mysql/connection-manager.js:102:17)
    at process.processTicksAndRejections (node:internal/process/task_queues:95:5)
    at async ConnectionManager._connect (/Users/muh.firdaus/Documents/Daus/Skripsi/APP/API/Rest-API-Rinjani GitHub New/node_modules/sequelize/lib/dialects/abstract/connection-manager.js:222:24)
    at async /Users/muh.firdaus/Documents/Daus/Skripsi/APP/API/Rest-API-Rinjani GitHub New/node_modules/sequelize/lib/dialects/abstract/connection-manager.js:174:32
 [LOGGER] 2024-04-18 12:52:48.398 AM error : uncaughtException: User 'uieui6gg47mezpc4' has exceeded the 'max_user_connections' resource (current value: 5)
SequelizeConnectionError: User 'uieui6gg47mezpc4' has exceeded the 'max_user_connections' resource (current value: 5)
    at ConnectionManager.connect (/Users/muh.firdaus/Documents/Daus/Skripsi/APP/API/Rest-API-Rinjani GitHub New/node_modules/sequelize/lib/dialects/mysql/connection-manager.js:102:17)
    at process.processTicksAndRejections (node:internal/process/task_queues:95:5)
    at async ConnectionManager._connect (/Users/muh.firdaus/Documents/Daus/Skripsi/APP/API/Rest-API-Rinjani GitHub New/node_modules/sequelize/lib/dialects/abstract/connection-manager.js:222:24)
    at async /Users/muh.firdaus/Documents/Daus/Skripsi/APP/API/Rest-API-Rinjani GitHub New/node_modules/sequelize/lib/dialects/abstract/connection-manager.js:174:32
 [LOGGER] 2024-04-18 12:52:48.398 AM error : uncaughtException: User 'uieui6gg47mezpc4' has exceeded the 'max_user_connections' resource (current value: 5)
SequelizeConnectionError: User 'uieui6gg47mezpc4' has exceeded the 'max_user_connections' resource (current value: 5)
    at ConnectionManager.connect (/Users/muh.firdaus/Documents/Daus/Skripsi/APP/API/Rest-API-Rinjani GitHub New/node_modules/sequelize/lib/dialects/mysql/connection-manager.js:102:17)
    at process.processTicksAndRejections (node:internal/process/task_queues:95:5)
    at async ConnectionManager._connect (/Users/muh.firdaus/Documents/Daus/Skripsi/APP/API/Rest-API-Rinjani GitHub New/node_modules/sequelize/lib/dialects/abstract/connection-manager.js:222:24)
    at async /Users/muh.firdaus/Documents/Daus/Skripsi/APP/API/Rest-API-Rinjani GitHub New/node_modules/sequelize/lib/dialects/abstract/connection-manager.js:174:32
